-------------------------------------------------------------------------------
Test set: com.example.demo.FacadeTypeMaterialApplicationTests
-------------------------------------------------------------------------------
Tests run: 1, Failures: 0, Errors: 1, Skipped: 0, Time elapsed: 0.808 s <<< FAILURE! - in com.example.demo.FacadeTypeMaterialApplicationTests
com.example.demo.FacadeTypeMaterialApplicationTests  Time elapsed: 0.803 s  <<< ERROR!
java.lang.IllegalStateException: Unable to find a @SpringBootConfiguration, you need to use @ContextConfiguration or @SpringBootTest(classes=...) with your test

